int - 0
id - (0, 0)
, - 0
id - (1, 0)
, - 0
id - (1, 1)
, - 0
id - (0, 0)
, - 0
id - (6, 1)
, - 0
id - (4, 0)
; - 0
R - 0
( - 0
id - (14, 0)
) - 0
; - 0
id - (5, 0)
= - 0
1 - (0, 0)
; - 0
R - 0
( - 0
id - (0, 0)
) - 0
; - 0
id - (6, 0)
= - 0
id - (0, 0)
; - 0
id - (4, 0)
= - 0
id - (0, 0)
; - 0
id - (5, 0)
+= - 0
id - (0, 0)
; - 0
id - (9, 0)
= - 0
1 - (1, 0)
while - 0
( - 0
id - (9, 0)
<= - 0
id - (14, 0)
) - 0
execute - 0
{ - 0
R - 0
( - 0
id - (0, 0)
) - 0
; - 0
id - (5, 0)
+= - 0
id - (0, 0)
; - 0
id - (6, 0)
= - 0
( - 0
id - (0, 0)
> - 0
id - (6, 0)
) - 0
? - 0
id - (0, 0)
: - 0
id - (6, 0)
; - 0
id - (4, 0)
= - 0
( - 0
id - (0, 0)
< - 0
id - (4, 0)
) - 0
? - 0
id - (0, 0)
: - 0
id - (4, 0)
; - 0
id - (9, 0)
+= - 0
1 - (1, 0)
} - 0
W - 0
( - 0
id - (5, 0)
) - 0
; - 0
W - 0
( - 0
id - (6, 0)
) - 0
; - 0
W - 0
( - 0
id - (4, 0)
) - 0
; - 0
